<?xml version="1.0" encoding="UTF-8"?>
<!-- Generated by org.testng.reporters.JUnitXMLReporter -->
<testsuite ignored="0" hostname="lon-7390-182" failures="0" tests="5" name="Test" time="0.063" errors="0" timestamp="2021-07-26T22:26:11 BST">
  <testcase classname="testGroups.GroupingOfTests" name="Test1" time="0.008"/>
  <testcase classname="testGroups.GroupingOfTests" name="Test2" time="0.001"/>
  <testcase classname="testGroups.GroupingOfTests" name="Test3" time="0.001"/>
  <testcase classname="testGroups.GroupingOfTests" name="Test4" time="0.001"/>
  <testcase classname="testGroups.GroupingOfTests" name="Test5" time="0.0"/>
</testsuite> <!-- Test -->
