<?xml version="1.0" encoding="UTF-8"?>
<testng-results ignored="0" total="1" passed="0" failed="1" skipped="0">
  <reporter-output>
  </reporter-output>
  <suite started-at="2021-08-01T20:49:05 BST" name="Default suite" finished-at="2021-08-01T20:49:37 BST" duration-ms="32563">
    <groups>
    </groups>
    <test started-at="2021-08-01T20:49:05 BST" name="Default test" finished-at="2021-08-01T20:49:37 BST" duration-ms="32563">
      <class name="waitsTest.ExplicitWaitTest">
        <test-method is-config="true" signature="testSetup()[pri:0, instance:waitsTest.ExplicitWaitTest@20ccf40b]" started-at="2021-08-01T20:49:05 BST" name="testSetup" finished-at="2021-08-01T20:49:06 BST" duration-ms="1628" status="PASS">
          <reporter-output>
          </reporter-output>
        </test-method> <!-- testSetup -->
        <test-method signature="FluentWait()[pri:0, instance:waitsTest.ExplicitWaitTest@20ccf40b]" started-at="2021-08-01T20:49:06 BST" name="FluentWait" finished-at="2021-08-01T20:49:37 BST" duration-ms="30796" status="FAIL">
          <exception class="org.openqa.selenium.TimeoutException">
            <message>
              <![CDATA[Expected condition failed: Fail after Fluent wait (tried for 30 second(s) with 1000 milliseconds interval)
Build info: version: '3.141.59', revision: 'e82be7d358', time: '2018-11-14T08:17:03'
System info: host: 'LON-7390-182', ip: '192.168.1.176', os.name: 'Windows 10', os.arch: 'amd64', os.version: '10.0', java.version: '16.0.1'
Driver info: driver.version: unknown]]>
            </message>
            <full-stacktrace>
              <![CDATA[org.openqa.selenium.TimeoutException: Expected condition failed: Fail after Fluent wait (tried for 30 second(s) with 1000 milliseconds interval)
Build info: version: '3.141.59', revision: 'e82be7d358', time: '2018-11-14T08:17:03'
System info: host: 'LON-7390-182', ip: '192.168.1.176', os.name: 'Windows 10', os.arch: 'amd64', os.version: '10.0', java.version: '16.0.1'
Driver info: driver.version: unknown
at org.openqa.selenium.support.ui.FluentWait.timeoutException(FluentWait.java:304)
at org.openqa.selenium.support.ui.FluentWait.until(FluentWait.java:272)
at Extentions.Waits.waitForlocatorWithText(Waits.java:36)
at waitsTest.ExplicitWaitTest.FluentWait(ExplicitWaitTest.java:58)
at java.base/jdk.internal.reflect.NativeMethodAccessorImpl.invoke0(Native Method)
at java.base/jdk.internal.reflect.NativeMethodAccessorImpl.invoke(NativeMethodAccessorImpl.java:78)
at java.base/jdk.internal.reflect.DelegatingMethodAccessorImpl.invoke(DelegatingMethodAccessorImpl.java:43)
at java.base/java.lang.reflect.Method.invoke(Method.java:567)
at org.testng.internal.MethodInvocationHelper.invokeMethod(MethodInvocationHelper.java:133)
at org.testng.internal.TestInvoker.invokeMethod(TestInvoker.java:598)
at org.testng.internal.TestInvoker.invokeTestMethod(TestInvoker.java:173)
at org.testng.internal.MethodRunner.runInSequence(MethodRunner.java:46)
at org.testng.internal.TestInvoker$MethodInvocationAgent.invoke(TestInvoker.java:824)
at org.testng.internal.TestInvoker.invokeTestMethods(TestInvoker.java:146)
at org.testng.internal.TestMethodWorker.invokeTestMethods(TestMethodWorker.java:146)
at org.testng.internal.TestMethodWorker.run(TestMethodWorker.java:128)
at java.base/java.util.ArrayList.forEach(ArrayList.java:1511)
at org.testng.TestRunner.privateRun(TestRunner.java:794)
at org.testng.TestRunner.run(TestRunner.java:596)
at org.testng.SuiteRunner.runTest(SuiteRunner.java:377)
at org.testng.SuiteRunner.runSequentially(SuiteRunner.java:371)
at org.testng.SuiteRunner.privateRun(SuiteRunner.java:332)
at org.testng.SuiteRunner.run(SuiteRunner.java:276)
at org.testng.SuiteRunnerWorker.runSuite(SuiteRunnerWorker.java:53)
at org.testng.SuiteRunnerWorker.run(SuiteRunnerWorker.java:96)
at org.testng.TestNG.runSuitesSequentially(TestNG.java:1212)
at org.testng.TestNG.runSuitesLocally(TestNG.java:1134)
at org.testng.TestNG.runSuites(TestNG.java:1063)
at org.testng.TestNG.run(TestNG.java:1031)
at org.testng.remote.AbstractRemoteTestNG.run(AbstractRemoteTestNG.java:115)
at org.testng.remote.RemoteTestNG.initAndRun(RemoteTestNG.java:251)
at org.testng.remote.RemoteTestNG.main(RemoteTestNG.java:77)
]]>
            </full-stacktrace>
          </exception> <!-- org.openqa.selenium.TimeoutException -->
          <reporter-output>
          </reporter-output>
        </test-method> <!-- FluentWait -->
        <test-method is-config="true" signature="afterTestSetup()[pri:0, instance:waitsTest.ExplicitWaitTest@20ccf40b]" started-at="2021-08-01T20:49:37 BST" name="afterTestSetup" finished-at="2021-08-01T20:49:37 BST" duration-ms="109" status="PASS">
          <reporter-output>
          </reporter-output>
        </test-method> <!-- afterTestSetup -->
      </class> <!-- waitsTest.ExplicitWaitTest -->
    </test> <!-- Default test -->
  </suite> <!-- Default suite -->
</testng-results>
