<?xml version="1.0" encoding="UTF-8"?>
<!-- Generated by org.testng.reporters.JUnitXMLReporter -->
<testsuite ignored="1" hostname="lon-7390-182" failures="0" tests="1" name="OpenBrowserFrom1" time="11.765" errors="0" timestamp="24 Jul 2021 21:06:02 GMT">
  <testcase classname="test.TestngExtendtreports2" name="@AfterTest afterTestSetup" time="0.078">
    <failure type="java.lang.NullPointerException" message="Cannot invoke &amp;quot;com.aventstack.extentreports.ExtentTest.info(String)&amp;quot; because &amp;quot;this.test&amp;quot; is null">
      <![CDATA[java.lang.NullPointerException: Cannot invoke "com.aventstack.extentreports.ExtentTest.info(String)" because "this.test" is null
at test.TestngExtendtreports2.afterTestSetup(TestngExtendtreports2.java:78)
... Removed 24 stack frames]]>
    </failure>
  </testcase> <!-- @AfterTest afterTestSetup -->
  <testcase classname="test.TestngExtendtreports1" name="OpeningBrowserFrom1" time="5.516"/>
  <testcase classname="test.TestngExtendtreports2" name="OPenBrowserFrom2" time="0.0">
    <ignored/>
  </testcase> <!-- OPenBrowserFrom2 -->
</testsuite> <!-- OpenBrowserFrom1 -->
