<?xml version="1.0" encoding="UTF-8"?>
<!-- Generated by org.testng.reporters.JUnitXMLReporter -->
<testsuite ignored="0" hostname="lon-7390-182" failures="0" tests="4" name="Test1" time="12.358" errors="0" timestamp="2021-07-27T21:00:15 BST">
  <testcase classname="test.TestngExtendtreports1" name="Test2" time="0.006"/>
  <testcase classname="test.TestngExtendtreports1" name="Test1" time="5.743"/>
  <testcase classname="test.TestngExtendtreports2" name="Test1" time="5.917"/>
  <testcase classname="test.TestngExtendtreports2" name="Test2" time="0.002"/>
</testsuite> <!-- Test1 -->
